# JRE version: Java(TM) SE Runtime Environment (8.0_111-b14) (build 1.8.0_111-b14)
# Java VM: Java HotSpot(TM) 64-Bit Server VM (25.111-b14 mixed mode windows-amd64 compressed oops)
Heap:
 PSYoungGen      total 95744K, used 48277K [0x00000000e0980000, 0x00000000e7580000, 0x0000000100000000)
  eden space 83968K, 47% used [0x00000000e0980000,0x00000000e30a7e50,0x00000000e5b80000)
  from space 11776K, 69% used [0x00000000e6a00000,0x00000000e71fd788,0x00000000e7580000)
  to   space 13312K, 0% used [0x00000000e5b80000,0x00000000e5b80000,0x00000000e6880000)
 ParOldGen       total 56832K, used 32178K [0x00000000a1c00000, 0x00000000a5380000, 0x00000000e0980000)
  object space 56832K, 56% used [0x00000000a1c00000,0x00000000a3b6cb38,0x00000000a5380000)
 Metaspace       used 30679K, capacity 31292K, committed 31744K, reserved 1077248K
  class space    used 3540K, capacity 3733K, committed 3840K, reserved 1048576K
GC Heap History (10 events):
Event: 40.898 GC heap before
{Heap before GC invocations=9 (full 1):
 PSYoungGen      total 57856K, used 11024K [0x00000000e0980000, 0x00000000e4f80000, 0x0000000100000000)
  eden space 46080K, 0% used [0x00000000e0980000,0x00000000e0980000,0x00000000e3680000)
  from space 11776K, 93% used [0x00000000e4380000,0x00000000e4e44048,0x00000000e4f00000)
  to   space 12800K, 0% used [0x00000000e3680000,0x00000000e3680000,0x00000000e4300000)
 ParOldGen       total 65536K, used 13868K [0x00000000a1c00000, 0x00000000a5c00000, 0x00000000e0980000)
  object space 65536K, 21% used [0x00000000a1c00000,0x00000000a298b010,0x00000000a5c00000)
 Metaspace       used 20658K, capacity 21058K, committed 21296K, reserved 1069056K
  class space    used 2469K, capacity 2613K, committed 2688K, reserved 1048576K
Event: 41.096 GC heap after
Heap after GC invocations=9 (full 1):
 PSYoungGen      total 57856K, used 0K [0x00000000e0980000, 0x00000000e4f80000, 0x0000000100000000)
  eden space 46080K, 0% used [0x00000000e0980000,0x00000000e0980000,0x00000000e3680000)
  from space 11776K, 0% used [0x00000000e4380000,0x00000000e4380000,0x00000000e4f00000)
  to   space 12800K, 0% used [0x00000000e3680000,0x00000000e3680000,0x00000000e4300000)
 ParOldGen       total 56832K, used 18359K [0x00000000a1c00000, 0x00000000a5380000, 0x00000000e0980000)
  object space 56832K, 32% used [0x00000000a1c00000,0x00000000a2dede58,0x00000000a5380000)
 Metaspace       used 20658K, capacity 21058K, committed 21296K, reserved 1069056K
  class space    used 2469K, capacity 2613K, committed 2688K, reserved 1048576K
}
Event: 51.016 GC heap before
{Heap before GC invocations=10 (full 1):
 PSYoungGen      total 57856K, used 46080K [0x00000000e0980000, 0x00000000e4f80000, 0x0000000100000000)
  eden space 46080K, 100% used [0x00000000e0980000,0x00000000e3680000,0x00000000e3680000)
  from space 11776K, 0% used [0x00000000e4380000,0x00000000e4380000,0x00000000e4f00000)
  to   space 12800K, 0% used [0x00000000e3680000,0x00000000e3680000,0x00000000e4300000)
 ParOldGen       total 56832K, used 18359K [0x00000000a1c00000, 0x00000000a5380000, 0x00000000e0980000)
  object space 56832K, 32% used [0x00000000a1c00000,0x00000000a2dede58,0x00000000a5380000)
 Metaspace       used 21739K, capacity 22152K, committed 22320K, reserved 1069056K
  class space    used 2553K, capacity 2678K, committed 2688K, reserved 1048576K
Event: 51.026 GC heap after
Heap after GC invocations=10 (full 1):
 PSYoungGen      total 58880K, used 4496K [0x00000000e0980000, 0x00000000e5f80000, 0x0000000100000000)
  eden space 46080K, 0% used [0x00000000e0980000,0x00000000e0980000,0x00000000e3680000)
  from space 12800K, 35% used [0x00000000e3680000,0x00000000e3ae40d0,0x00000000e4300000)
  to   space 12800K, 0% used [0x00000000e5300000,0x00000000e5300000,0x00000000e5f80000)
 ParOldGen       total 56832K, used 18367K [0x00000000a1c00000, 0x00000000a5380000, 0x00000000e0980000)
  object space 56832K, 32% used [0x00000000a1c00000,0x00000000a2defe58,0x00000000a5380000)
 Metaspace       used 21739K, capacity 22152K, committed 22320K, reserved 1069056K
  class space    used 2553K, capacity 2678K, committed 2688K, reserved 1048576K
}
Event: 63.807 GC heap before
{Heap before GC invocations=11 (full 1):
 PSYoungGen      total 58880K, used 50576K [0x00000000e0980000, 0x00000000e5f80000, 0x0000000100000000)
  eden space 46080K, 100% used [0x00000000e0980000,0x00000000e3680000,0x00000000e3680000)
  from space 12800K, 35% used [0x00000000e3680000,0x00000000e3ae40d0,0x00000000e4300000)
  to   space 12800K, 0% used [0x00000000e5300000,0x00000000e5300000,0x00000000e5f80000)
 ParOldGen       total 56832K, used 18367K [0x00000000a1c00000, 0x00000000a5380000, 0x00000000e0980000)
  object space 56832K, 32% used [0x00000000a1c00000,0x00000000a2defe58,0x00000000a5380000)
 Metaspace       used 26597K, capacity 27128K, committed 27520K, reserved 1073152K
  class space    used 3182K, capacity 3376K, committed 3456K, reserved 1048576K
Event: 63.822 GC heap after
Heap after GC invocations=11 (full 1):
 PSYoungGen      total 72192K, used 7963K [0x00000000e0980000, 0x00000000e5e00000, 0x0000000100000000)
  eden space 60928K, 0% used [0x00000000e0980000,0x00000000e0980000,0x00000000e4500000)
  from space 11264K, 70% used [0x00000000e5300000,0x00000000e5ac6e80,0x00000000e5e00000)
  to   space 12800K, 0% used [0x00000000e4500000,0x00000000e4500000,0x00000000e5180000)
 ParOldGen       total 56832K, used 18375K [0x00000000a1c00000, 0x00000000a5380000, 0x00000000e0980000)
  object space 56832K, 32% used [0x00000000a1c00000,0x00000000a2df1e58,0x00000000a5380000)
 Metaspace       used 26597K, capacity 27128K, committed 27520K, reserved 1073152K
  class space    used 3182K, capacity 3376K, committed 3456K, reserved 1048576K
}
Event: 65.337 GC heap before
{Heap before GC invocations=12 (full 1):
 PSYoungGen      total 72192K, used 68891K [0x00000000e0980000, 0x00000000e5e00000, 0x0000000100000000)
  eden space 60928K, 100% used [0x00000000e0980000,0x00000000e4500000,0x00000000e4500000)
  from space 11264K, 70% used [0x00000000e5300000,0x00000000e5ac6e80,0x00000000e5e00000)
  to   space 12800K, 0% used [0x00000000e4500000,0x00000000e4500000,0x00000000e5180000)
 ParOldGen       total 56832K, used 18375K [0x00000000a1c00000, 0x00000000a5380000, 0x00000000e0980000)
  object space 56832K, 32% used [0x00000000a1c00000,0x00000000a2df1e58,0x00000000a5380000)
 Metaspace       used 27119K, capacity 27672K, committed 28032K, reserved 1073152K
  class space    used 3215K, capacity 3408K, committed 3456K, reserved 1048576K
Event: 65.372 GC heap after
Heap after GC invocations=12 (full 1):
 PSYoungGen      total 73728K, used 10752K [0x00000000e0980000, 0x00000000e7700000, 0x0000000100000000)
  eden space 60928K, 0% used [0x00000000e0980000,0x00000000e0980000,0x00000000e4500000)
  from space 12800K, 84% used [0x00000000e4500000,0x00000000e4f803e8,0x00000000e5180000)
  to   space 13312K, 0% used [0x00000000e6a00000,0x00000000e6a00000,0x00000000e7700000)
 ParOldGen       total 56832K, used 24650K [0x00000000a1c00000, 0x00000000a5380000, 0x00000000e0980000)
  object space 56832K, 43% used [0x00000000a1c00000,0x00000000a3412ac0,0x00000000a5380000)
 Metaspace       used 27119K, capacity 27672K, committed 28032K, reserved 1073152K
  class space    used 3215K, capacity 3408K, committed 3456K, reserved 1048576K
}
Event: 78.011 GC heap before
{Heap before GC invocations=13 (full 1):
 PSYoungGen      total 73728K, used 71680K [0x00000000e0980000, 0x00000000e7700000, 0x0000000100000000)
  eden space 60928K, 100% used [0x00000000e0980000,0x00000000e4500000,0x00000000e4500000)
  from space 12800K, 84% used [0x00000000e4500000,0x00000000e4f803e8,0x00000000e5180000)
  to   space 13312K, 0% used [0x00000000e6a00000,0x00000000e6a00000,0x00000000e7700000)
 ParOldGen       total 56832K, used 24650K [0x00000000a1c00000, 0x00000000a5380000, 0x00000000e0980000)
  object space 56832K, 43% used [0x00000000a1c00000,0x00000000a3412ac0,0x00000000a5380000)
 Metaspace       used 29904K, capacity 30486K, committed 30848K, reserved 1077248K
  class space    used 3456K, capacity 3636K, committed 3712K, reserved 1048576K
Event: 78.045 GC heap after
Heap after GC invocations=13 (full 1):
 PSYoungGen      total 95744K, used 8181K [0x00000000e0980000, 0x00000000e7580000, 0x0000000100000000)
  eden space 83968K, 0% used [0x00000000e0980000,0x00000000e0980000,0x00000000e5b80000)
  from space 11776K, 69% used [0x00000000e6a00000,0x00000000e71fd788,0x00000000e7580000)
  to   space 13312K, 0% used [0x00000000e5b80000,0x00000000e5b80000,0x00000000e6880000)
 ParOldGen       total 56832K, used 32178K [0x00000000a1c00000, 0x00000000a5380000, 0x00000000e0980000)
  object space 56832K, 56% used [0x00000000a1c00000,0x00000000a3b6cb38,0x00000000a5380000)
 Metaspace       used 29904K, capacity 30486K, committed 30848K, reserved 1077248K
  class space    used 3456K, capacity 3636K, committed 3712K, reserved 1048576K
}

